Running rv32ui-p-add
Running rv32ui-p-addi
Running rv32ui-p-and
Running rv32ui-p-andi
Running rv32ui-p-auipc
Running rv32ui-p-beq
Running rv32ui-p-bge
Running rv32ui-p-bgeu
Running rv32ui-p-blt
Running rv32ui-p-bltu
Running rv32ui-p-bne
Running rv32ui-p-fence_i
Running rv32ui-p-jal
Running rv32ui-p-jalr
Running rv32ui-p-lb
Running rv32ui-p-lbu
Running rv32ui-p-ld_st
Running rv32ui-p-lh
Running rv32ui-p-lhu
Running rv32ui-p-lui
Running rv32ui-p-lw
Running rv32ui-p-ma_data
Running rv32ui-p-or
Running rv32ui-p-ori
Running rv32ui-p-sb
Running rv32ui-p-sh
Running rv32ui-p-simple
Running rv32ui-p-sll
Running rv32ui-p-slli
Running rv32ui-p-slt
Running rv32ui-p-slti
Running rv32ui-p-sltiu
Running rv32ui-p-sltu
Running rv32ui-p-sra
Running rv32ui-p-srai
Running rv32ui-p-srl
Running rv32ui-p-srli
Running rv32ui-p-st_ld
Running rv32ui-p-sub
Running rv32ui-p-sw
Running rv32ui-p-xor
Running rv32ui-p-xori
COUNT=42 TOTAL_MS=120885 MIN_MS=2598 MAX_MS=3109 AVG_MS=2878.21 TOTAL_CYCLES=27346 TOTAL_INSTRS=14879 AVG_IPC=0.54410 AVG_I_HIT=93.05 AVG_D_HIT=18.39
