myCPU simulator starting
Memory: map_device base=0x10000000 size=0x20
Memory: map_device base=0x10001000 size=0x20
load_elf: detected tohost at 0x80001000, mapping ToHostMMIO
Memory: map_device base=0x80001000 size=0x8
loaded ELF: riscv-tests/isa/rv32ui-p-fence_i entry PC=2147483648
runtime: no args/env
MMU: TLB flushed
Pipeline: executing MRET at pc=0x80000188
CSR: mret_restore before mpp=3 mpie=0 mstatus_mie=0
CSR: mret_restore after privilege=3 mstatus_mie=0
Pipeline: MRET returned to pc=0x8000018c privilege=3
EX: LH pc=0x80000194 rs1_val=0x80002190 rs2_val=0x0 imm=0xfffffe70 -> alu_res=0x80002000
EX: LH pc=0x8000019c rs1_val=0x80002198 rs2_val=0xffff8693 imm=0xfffffe6a -> alu_res=0x80002002
EX: SH pc=0x800001c4 rs1_val=0x800021c0 rs2_val=0xffff8693 imm=0xfffffe44 -> alu_res=0x80002004
EX: SH pc=0x800001cc rs1_val=0x800021c8 rs2_val=0x14d6 imm=0xfffffe3e -> alu_res=0x80002006
EX: SH pc=0x80000200 rs1_val=0x800021fc rs2_val=0xffff8693 imm=0xfffffe10 -> alu_res=0x8000200c
EX: SH pc=0x80000208 rs1_val=0x80002204 rs2_val=0x14d6 imm=0xfffffe0a -> alu_res=0x8000200e
CSR: machine trap entry prev=3 mepc=0x8000028c mpie=0 mpp=3 mtvec=0x80000004 cause=0xb tval=0x0
EX: SW pc=0x80000040 rs1_val=0x8000103c rs2_val=0x1 imm=0xffffffc4 -> alu_res=0x80001000
Memory: MMIO store32 addr=0x80001000 off=0x0 val=0x1
TOHOST: 0x1
Cycles: 5045, Instrs: 335, I-Cache Hit: 0.00%, D-Cache Hit: 0.00%
myCPU simulator exiting
