myCPU simulator starting
Memory: map_device base=0x10000000 size=0x20
Memory: map_device base=0x10001000 size=0x20
load_elf: detected tohost at 0x80001000, mapping ToHostMMIO
Memory: map_device base=0x80001000 size=0x8
loaded ELF: riscv-tests/isa/rv32ui-p-ma_data entry PC=2147483648
runtime: no args/env
MMU: TLB flushed
Pipeline: executing MRET at pc=0x80000188
CSR: mret_restore before mpp=3 mpie=0 mstatus_mie=0
CSR: mret_restore after privilege=3 mstatus_mie=0
Pipeline: MRET returned to pc=0x8000018c privilege=3
EX: LH pc=0x8000019c rs1_val=0x80002000 rs2_val=0x0 imm=0x1 -> alu_res=0x80002001
EX: LHU pc=0x800001ac rs1_val=0x80002000 rs2_val=0x0 imm=0x1 -> alu_res=0x80002001
EX: LW pc=0x800001c0 rs1_val=0x80002000 rs2_val=0x0 imm=0x1 -> alu_res=0x80002001
EX: LW pc=0x800001d4 rs1_val=0x80002000 rs2_val=0x0 imm=0x2 -> alu_res=0x80002002
EX: LW pc=0x800001e8 rs1_val=0x80002000 rs2_val=0x5 imm=0x3 -> alu_res=0x80002003
EX: LH pc=0x800001fc rs1_val=0x80002000 rs2_val=0x0 imm=0x1f -> alu_res=0x8000201f
EX: LHU pc=0x80000210 rs1_val=0x80002000 rs2_val=0x0 imm=0x1f -> alu_res=0x8000201f
EX: LW pc=0x80000224 rs1_val=0x80002000 rs2_val=0x0 imm=0x1d -> alu_res=0x8000201d
EX: LW pc=0x80000238 rs1_val=0x80002000 rs2_val=0x0 imm=0x1e -> alu_res=0x8000201e
EX: LW pc=0x8000024c rs1_val=0x80002000 rs2_val=0x0 imm=0x1f -> alu_res=0x8000201f
EX: LH pc=0x80000260 rs1_val=0x80002000 rs2_val=0x0 imm=0x3f -> alu_res=0x8000203f
EX: LHU pc=0x80000274 rs1_val=0x80002000 rs2_val=0x0 imm=0x3f -> alu_res=0x8000203f
EX: LW pc=0x80000288 rs1_val=0x80002000 rs2_val=0x0 imm=0x3d -> alu_res=0x8000203d
EX: LW pc=0x8000029c rs1_val=0x80002000 rs2_val=0x0 imm=0x3e -> alu_res=0x8000203e
EX: LW pc=0x800002b0 rs1_val=0x80002000 rs2_val=0x0 imm=0x3f -> alu_res=0x8000203f
EX: SH pc=0x800002c4 rs1_val=0x80002000 rs2_val=0xffff8180 imm=0x1 -> alu_res=0x80002001
EX: LH pc=0x800002c8 rs1_val=0x80002000 rs2_val=0x0 imm=0x1 -> alu_res=0x80002001
EX: SH pc=0x800002dc rs1_val=0x80002000 rs2_val=0x8382 imm=0x1 -> alu_res=0x80002001
EX: LHU pc=0x800002e0 rs1_val=0x80002000 rs2_val=0x0 imm=0x1 -> alu_res=0x80002001
EX: SW pc=0x800002f4 rs1_val=0x80002000 rs2_val=0x87868584 imm=0x1 -> alu_res=0x80002001
EX: LW pc=0x800002f8 rs1_val=0x80002000 rs2_val=0x0 imm=0x1 -> alu_res=0x80002001
EX: SW pc=0x8000030c rs1_val=0x80002000 rs2_val=0x8b8a8988 imm=0x2 -> alu_res=0x80002002
EX: LW pc=0x80000310 rs1_val=0x80002000 rs2_val=0x0 imm=0x2 -> alu_res=0x80002002
EX: SW pc=0x80000324 rs1_val=0x80002000 rs2_val=0x8f8e8d8c imm=0x3 -> alu_res=0x80002003
EX: LW pc=0x80000328 rs1_val=0x80002000 rs2_val=0x32 imm=0x3 -> alu_res=0x80002003
EX: SH pc=0x8000033c rs1_val=0x80002000 rs2_val=0xffffd5d4 imm=0x1f -> alu_res=0x8000201f
EX: LH pc=0x80000340 rs1_val=0x80002000 rs2_val=0x0 imm=0x1f -> alu_res=0x8000201f
EX: SH pc=0x80000354 rs1_val=0x80002000 rs2_val=0xd7d6 imm=0x1f -> alu_res=0x8000201f
EX: LHU pc=0x80000358 rs1_val=0x80002000 rs2_val=0x0 imm=0x1f -> alu_res=0x8000201f
EX: SW pc=0x8000036c rs1_val=0x80002000 rs2_val=0xdbdad9d8 imm=0x1d -> alu_res=0x8000201d
EX: LW pc=0x80000370 rs1_val=0x80002000 rs2_val=0x0 imm=0x1d -> alu_res=0x8000201d
EX: SW pc=0x80000384 rs1_val=0x80002000 rs2_val=0xdfdedddc imm=0x1e -> alu_res=0x8000201e
EX: LW pc=0x80000388 rs1_val=0x80002000 rs2_val=0x0 imm=0x1e -> alu_res=0x8000201e
EX: SW pc=0x8000039c rs1_val=0x80002000 rs2_val=0xe3e2e1e0 imm=0x1f -> alu_res=0x8000201f
EX: LW pc=0x800003a0 rs1_val=0x80002000 rs2_val=0x0 imm=0x1f -> alu_res=0x8000201f
EX: SH pc=0x800003b4 rs1_val=0x80002000 rs2_val=0x3534 imm=0x3f -> alu_res=0x8000203f
EX: LH pc=0x800003b8 rs1_val=0x80002000 rs2_val=0x0 imm=0x3f -> alu_res=0x8000203f
EX: SH pc=0x800003cc rs1_val=0x80002000 rs2_val=0x3736 imm=0x3f -> alu_res=0x8000203f
EX: LHU pc=0x800003d0 rs1_val=0x80002000 rs2_val=0x0 imm=0x3f -> alu_res=0x8000203f
EX: SW pc=0x800003e4 rs1_val=0x80002000 rs2_val=0x3b3a3938 imm=0x3d -> alu_res=0x8000203d
EX: LW pc=0x800003e8 rs1_val=0x80002000 rs2_val=0x0 imm=0x3d -> alu_res=0x8000203d
EX: SW pc=0x800003fc rs1_val=0x80002000 rs2_val=0x3f3e3d3c imm=0x3e -> alu_res=0x8000203e
EX: LW pc=0x80000400 rs1_val=0x80002000 rs2_val=0x0 imm=0x3e -> alu_res=0x8000203e
EX: SW pc=0x80000414 rs1_val=0x80002000 rs2_val=0x43424140 imm=0x3f -> alu_res=0x8000203f
EX: LW pc=0x80000418 rs1_val=0x80002000 rs2_val=0x0 imm=0x3f -> alu_res=0x8000203f
EX: SH pc=0x80000430 rs1_val=0x80002000 rs2_val=0x9998 imm=0x1 -> alu_res=0x80002001
EX: LB pc=0x80000434 rs1_val=0x80002000 rs2_val=0x0 imm=0x1 -> alu_res=0x80002001
EX: SH pc=0x8000044c rs1_val=0x80002000 rs2_val=0x9b9a imm=0x1 -> alu_res=0x80002001
EX: LB pc=0x80000450 rs1_val=0x80002000 rs2_val=0x0 imm=0x2 -> alu_res=0x80002002
EX: SH pc=0x80000468 rs1_val=0x80002000 rs2_val=0x9d9c imm=0x1 -> alu_res=0x80002001
EX: LBU pc=0x8000046c rs1_val=0x80002000 rs2_val=0x0 imm=0x1 -> alu_res=0x80002001
EX: SH pc=0x80000484 rs1_val=0x80002000 rs2_val=0x9f9e imm=0x1 -> alu_res=0x80002001
EX: LBU pc=0x80000488 rs1_val=0x80002000 rs2_val=0x0 imm=0x2 -> alu_res=0x80002002
EX: SW pc=0x800004a0 rs1_val=0x80002000 rs2_val=0xa3a2a1a0 imm=0x1 -> alu_res=0x80002001
EX: LB pc=0x800004a4 rs1_val=0x80002000 rs2_val=0x0 imm=0x1 -> alu_res=0x80002001
EX: SW pc=0x800004bc rs1_val=0x80002000 rs2_val=0xa7a6a5a4 imm=0x2 -> alu_res=0x80002002
EX: LBU pc=0x800004c0 rs1_val=0x80002000 rs2_val=0x60 imm=0x3 -> alu_res=0x80002003
EX: SW pc=0x800004dc rs1_val=0x80002000 rs2_val=0xabaaa9a8 imm=0x3 -> alu_res=0x80002003
EX: LH pc=0x800004e0 rs1_val=0x80002000 rs2_val=0x0 imm=0x4 -> alu_res=0x80002004
EX: SW pc=0x800004fc rs1_val=0x80002000 rs2_val=0xafaeadac imm=0x3 -> alu_res=0x80002003
EX: LHU pc=0x80000500 rs1_val=0x80002000 rs2_val=0x8000018c imm=0x5 -> alu_res=0x80002005
EX: SH pc=0x80000518 rs1_val=0x80002000 rs2_val=0xe9e8 imm=0x1f -> alu_res=0x8000201f
EX: LB pc=0x8000051c rs1_val=0x80002000 rs2_val=0x0 imm=0x1f -> alu_res=0x8000201f
EX: SH pc=0x80000534 rs1_val=0x80002000 rs2_val=0xebea imm=0x1f -> alu_res=0x8000201f
EX: LB pc=0x80000538 rs1_val=0x80002000 rs2_val=0x0 imm=0x20 -> alu_res=0x80002020
EX: SH pc=0x80000550 rs1_val=0x80002000 rs2_val=0xedec imm=0x1f -> alu_res=0x8000201f
EX: LBU pc=0x80000554 rs1_val=0x80002000 rs2_val=0x0 imm=0x1f -> alu_res=0x8000201f
EX: SH pc=0x8000056c rs1_val=0x80002000 rs2_val=0xefee imm=0x1f -> alu_res=0x8000201f
EX: LBU pc=0x80000570 rs1_val=0x80002000 rs2_val=0x0 imm=0x20 -> alu_res=0x80002020
EX: SW pc=0x80000588 rs1_val=0x80002000 rs2_val=0xf3f2f1f0 imm=0x1d -> alu_res=0x8000201d
EX: LB pc=0x8000058c rs1_val=0x80002000 rs2_val=0x0 imm=0x1d -> alu_res=0x8000201d
EX: SW pc=0x800005a4 rs1_val=0x80002000 rs2_val=0xf7f6f5f4 imm=0x1e -> alu_res=0x8000201e
EX: LBU pc=0x800005a8 rs1_val=0x80002000 rs2_val=0x0 imm=0x20 -> alu_res=0x80002020
EX: SW pc=0x800005c0 rs1_val=0x80002000 rs2_val=0xfbfaf9f8 imm=0x1d -> alu_res=0x8000201d
EX: LH pc=0x800005c4 rs1_val=0x80002000 rs2_val=0x0 imm=0x1f -> alu_res=0x8000201f
EX: SW pc=0x800005e0 rs1_val=0x80002000 rs2_val=0xfffefdfc imm=0x1f -> alu_res=0x8000201f
EX: LHU pc=0x800005e4 rs1_val=0x80002000 rs2_val=0x0 imm=0x1f -> alu_res=0x8000201f
EX: SH pc=0x800005fc rs1_val=0x80002000 rs2_val=0x4948 imm=0x3f -> alu_res=0x8000203f
EX: LB pc=0x80000600 rs1_val=0x80002000 rs2_val=0x0 imm=0x3f -> alu_res=0x8000203f
EX: SH pc=0x80000618 rs1_val=0x80002000 rs2_val=0x4b4a imm=0x3f -> alu_res=0x8000203f
EX: LB pc=0x8000061c rs1_val=0x80002000 rs2_val=0x0 imm=0x40 -> alu_res=0x80002040
EX: SH pc=0x80000634 rs1_val=0x80002000 rs2_val=0x4d4c imm=0x3f -> alu_res=0x8000203f
EX: LBU pc=0x80000638 rs1_val=0x80002000 rs2_val=0x0 imm=0x3f -> alu_res=0x8000203f
EX: SH pc=0x80000650 rs1_val=0x80002000 rs2_val=0x4f4e imm=0x3f -> alu_res=0x8000203f
EX: LBU pc=0x80000654 rs1_val=0x80002000 rs2_val=0x0 imm=0x40 -> alu_res=0x80002040
EX: SW pc=0x8000066c rs1_val=0x80002000 rs2_val=0x53525150 imm=0x3d -> alu_res=0x8000203d
EX: LB pc=0x80000670 rs1_val=0x80002000 rs2_val=0x0 imm=0x3d -> alu_res=0x8000203d
EX: SW pc=0x80000688 rs1_val=0x80002000 rs2_val=0x57565554 imm=0x3e -> alu_res=0x8000203e
EX: LBU pc=0x8000068c rs1_val=0x80002000 rs2_val=0x0 imm=0x40 -> alu_res=0x80002040
EX: SW pc=0x800006a8 rs1_val=0x80002000 rs2_val=0x5b5a5958 imm=0x3d -> alu_res=0x8000203d
EX: LH pc=0x800006ac rs1_val=0x80002000 rs2_val=0x0 imm=0x3f -> alu_res=0x8000203f
EX: SW pc=0x800006c8 rs1_val=0x80002000 rs2_val=0x5f5e5d5c imm=0x3f -> alu_res=0x8000203f
EX: LHU pc=0x800006cc rs1_val=0x80002000 rs2_val=0x0 imm=0x3f -> alu_res=0x8000203f
CSR: machine trap entry prev=3 mepc=0x80000704 mpie=0 mpp=3 mtvec=0x80000004 cause=0xb tval=0x0
EX: SW pc=0x80000040 rs1_val=0x8000103c rs2_val=0x1 imm=0xffffffc4 -> alu_res=0x80001000
Memory: MMIO store32 addr=0x80001000 off=0x0 val=0x1
TOHOST: 0x1
Cycles: 5760, Instrs: 473, I-Cache Hit: 0.00%, D-Cache Hit: 0.00%
myCPU simulator exiting
