myCPU simulator starting
Memory: map_device base=0x10000000 size=0x20
Memory: map_device base=0x10001000 size=0x20
load_elf: detected tohost at 0x80001000, mapping ToHostMMIO
Memory: map_device base=0x80001000 size=0x8
loaded ELF: riscv-tests/isa/rv32ui-p-lh entry PC=2147483648
runtime: no args/env
MMU: TLB flushed
Pipeline: executing MRET at pc=0x80000188
CSR: mret_restore before mpp=3 mpie=0 mstatus_mie=0
CSR: mret_restore after privilege=3 mstatus_mie=0
Pipeline: MRET returned to pc=0x8000018c privilege=3
EX: LH pc=0x8000019c rs1_val=0x80002000 rs2_val=0x0 imm=0x0 -> alu_res=0x80002000
EX: LH pc=0x800001b8 rs1_val=0x80002000 rs2_val=0x80002000 imm=0x2 -> alu_res=0x80002002
EX: LH pc=0x800001d8 rs1_val=0x80002000 rs2_val=0x0 imm=0x4 -> alu_res=0x80002004
EX: LH pc=0x800001fc rs1_val=0x80002000 rs2_val=0x0 imm=0x6 -> alu_res=0x80002006
EX: LH pc=0x8000021c rs1_val=0x80002006 rs2_val=0x0 imm=0xfffffffa -> alu_res=0x80002000
EX: LH pc=0x80000238 rs1_val=0x80002006 rs2_val=0x0 imm=0xfffffffc -> alu_res=0x80002002
EX: LH pc=0x80000258 rs1_val=0x80002006 rs2_val=0x0 imm=0xfffffffe -> alu_res=0x80002004
EX: LH pc=0x8000027c rs1_val=0x80002006 rs2_val=0x0 imm=0x0 -> alu_res=0x80002006
EX: LH pc=0x8000029c rs1_val=0x80001fe0 rs2_val=0x0 imm=0x20 -> alu_res=0x80002000
EX: LH pc=0x800002b8 rs1_val=0x80001ffb rs2_val=0xff imm=0x7 -> alu_res=0x80002002
EX: LH pc=0x800002d4 rs1_val=0x80002002 rs2_val=0x80002006 imm=0x2 -> alu_res=0x80002004
EX: LH pc=0x800002d4 rs1_val=0x80002002 rs2_val=0x80002006 imm=0x2 -> alu_res=0x80002004
EX: LH pc=0x80000304 rs1_val=0x80002004 rs2_val=0x80002006 imm=0x2 -> alu_res=0x80002006
EX: LH pc=0x80000304 rs1_val=0x80002004 rs2_val=0x80002006 imm=0x2 -> alu_res=0x80002006
EX: LH pc=0x80000338 rs1_val=0x80002000 rs2_val=0x80002006 imm=0x2 -> alu_res=0x80002002
EX: LH pc=0x80000338 rs1_val=0x80002000 rs2_val=0x80002006 imm=0x2 -> alu_res=0x80002002
EX: LH pc=0x8000036c rs1_val=0x80002002 rs2_val=0x80002006 imm=0x2 -> alu_res=0x80002004
EX: LH pc=0x8000036c rs1_val=0x80002002 rs2_val=0x80002006 imm=0x2 -> alu_res=0x80002004
EX: LH pc=0x8000039c rs1_val=0x80002004 rs2_val=0x80002006 imm=0x2 -> alu_res=0x80002006
EX: LH pc=0x8000039c rs1_val=0x80002004 rs2_val=0x80002006 imm=0x2 -> alu_res=0x80002006
EX: LH pc=0x800003d0 rs1_val=0x80002000 rs2_val=0x80002006 imm=0x2 -> alu_res=0x80002002
EX: LH pc=0x800003d0 rs1_val=0x80002000 rs2_val=0x80002006 imm=0x2 -> alu_res=0x80002002
EX: LH pc=0x800003f4 rs1_val=0x80002000 rs2_val=0x0 imm=0x0 -> alu_res=0x80002000
EX: LH pc=0x80000410 rs1_val=0x80002000 rs2_val=0x0 imm=0x0 -> alu_res=0x80002000
CSR: machine trap entry prev=3 mepc=0x80000454 mpie=0 mpp=3 mtvec=0x80000004 cause=0xb tval=0x0
EX: SW pc=0x80000040 rs1_val=0x8000103c rs2_val=0x1 imm=0xffffffc4 -> alu_res=0x80001000
Memory: MMIO store32 addr=0x80001000 off=0x0 val=0x1
TOHOST: 0x1
Cycles: 3864, Instrs: 311, I-Cache Hit: 0.00%, D-Cache Hit: 0.00%
myCPU simulator exiting
