myCPU simulator starting
Memory: map_device base=0x10000000 size=0x20
Memory: map_device base=0x10001000 size=0x20
load_elf: detected tohost at 0x80001000, mapping ToHostMMIO
Memory: map_device base=0x80001000 size=0x8
loaded ELF: riscv-tests/isa/rv32ui-p-lb entry PC=2147483648
runtime: no args/env
MMU: TLB flushed
Pipeline: executing MRET at pc=0x80000188
CSR: mret_restore before mpp=3 mpie=0 mstatus_mie=0
CSR: mret_restore after privilege=3 mstatus_mie=0
Pipeline: MRET returned to pc=0x8000018c privilege=3
EX: LB pc=0x8000019c rs1_val=0x80002000 rs2_val=0x0 imm=0x0 -> alu_res=0x80002000
EX: LB pc=0x800001b8 rs1_val=0x80002000 rs2_val=0x0 imm=0x1 -> alu_res=0x80002001
EX: LB pc=0x800001d4 rs1_val=0x80002000 rs2_val=0x80002000 imm=0x2 -> alu_res=0x80002002
EX: LB pc=0x800001f0 rs1_val=0x80002000 rs2_val=0x5 imm=0x3 -> alu_res=0x80002003
EX: LB pc=0x8000020c rs1_val=0x80002003 rs2_val=0x0 imm=0xfffffffd -> alu_res=0x80002000
EX: LB pc=0x80000228 rs1_val=0x80002003 rs2_val=0x0 imm=0xfffffffe -> alu_res=0x80002001
EX: LB pc=0x80000244 rs1_val=0x80002003 rs2_val=0x0 imm=0xffffffff -> alu_res=0x80002002
EX: LB pc=0x80000260 rs1_val=0x80002003 rs2_val=0x0 imm=0x0 -> alu_res=0x80002003
EX: LB pc=0x8000027c rs1_val=0x80001fe0 rs2_val=0x0 imm=0x20 -> alu_res=0x80002000
EX: LB pc=0x80000298 rs1_val=0x80001ffa rs2_val=0xffffffff imm=0x7 -> alu_res=0x80002001
EX: LB pc=0x800002b4 rs1_val=0x80002001 rs2_val=0x80001ffa imm=0x1 -> alu_res=0x80002002
EX: LB pc=0x800002b4 rs1_val=0x80002001 rs2_val=0x80001ffa imm=0x1 -> alu_res=0x80002002
EX: LB pc=0x800002e0 rs1_val=0x80002002 rs2_val=0x80001ffa imm=0x1 -> alu_res=0x80002003
EX: LB pc=0x800002e0 rs1_val=0x80002002 rs2_val=0x80001ffa imm=0x1 -> alu_res=0x80002003
EX: LB pc=0x80000310 rs1_val=0x80002000 rs2_val=0x80001ffa imm=0x1 -> alu_res=0x80002001
EX: LB pc=0x80000310 rs1_val=0x80002000 rs2_val=0x80001ffa imm=0x1 -> alu_res=0x80002001
EX: LB pc=0x80000344 rs1_val=0x80002001 rs2_val=0x80001ffa imm=0x1 -> alu_res=0x80002002
EX: LB pc=0x80000344 rs1_val=0x80002001 rs2_val=0x80001ffa imm=0x1 -> alu_res=0x80002002
EX: LB pc=0x80000370 rs1_val=0x80002002 rs2_val=0x80001ffa imm=0x1 -> alu_res=0x80002003
EX: LB pc=0x80000370 rs1_val=0x80002002 rs2_val=0x80001ffa imm=0x1 -> alu_res=0x80002003
EX: LB pc=0x800003a0 rs1_val=0x80002000 rs2_val=0x80001ffa imm=0x1 -> alu_res=0x80002001
EX: LB pc=0x800003a0 rs1_val=0x80002000 rs2_val=0x80001ffa imm=0x1 -> alu_res=0x80002001
EX: LB pc=0x800003c4 rs1_val=0x80002000 rs2_val=0x0 imm=0x0 -> alu_res=0x80002000
EX: LB pc=0x800003e0 rs1_val=0x80002000 rs2_val=0x0 imm=0x0 -> alu_res=0x80002000
CSR: machine trap entry prev=3 mepc=0x80000424 mpie=0 mpp=3 mtvec=0x80000004 cause=0xb tval=0x0
EX: SW pc=0x80000040 rs1_val=0x8000103c rs2_val=0x1 imm=0xffffffc4 -> alu_res=0x80001000
Memory: MMIO store32 addr=0x80001000 off=0x0 val=0x1
TOHOST: 0x1
Cycles: 3688, Instrs: 295, I-Cache Hit: 0.00%, D-Cache Hit: 0.00%
myCPU simulator exiting
